SF:lib/core/app/app.dart
DA:8,1
DA:11,0
DA:15,1
DA:17,1
DA:18,1
DA:25,1
DA:27,1
DA:28,1
DA:32,1
DA:35,1
DA:39,2
DA:40,2
DA:48,1
DA:49,1
DA:53,5
DA:57,1
DA:61,1
DA:67,2
DA:72,2
DA:73,2
DA:84,1
DA:90,1
LF:22
LH:21
end_of_record
SF:lib/base/app_widgets.dart
DA:5,1
DA:7,0
DA:9,0
DA:12,0
DA:14,0
DA:17,0
DA:19,0
DA:22,0
DA:24,0
LF:9
LH:1
end_of_record
SF:lib/base/defaults.dart
DA:5,1
DA:7,0
DA:9,1
DA:12,0
DA:14,0
DA:17,0
DA:19,0
DA:21,0
DA:24,0
DA:26,0
DA:28,0
DA:31,0
DA:32,0
DA:33,0
DA:34,0
DA:35,0
DA:36,0
LF:17
LH:2
end_of_record
SF:lib/base/theme/theme.dart
DA:9,0
DA:11,0
DA:15,0
DA:16,0
DA:20,0
DA:22,0
DA:28,0
DA:33,0
DA:34,0
DA:40,0
DA:42,0
DA:49,1
DA:54,2
DA:55,4
DA:60,0
DA:61,0
DA:66,2
DA:67,4
DA:72,0
DA:73,0
DA:78,2
DA:79,4
DA:84,2
DA:85,4
DA:90,0
DA:91,0
DA:96,0
DA:97,0
DA:102,0
DA:120,0
DA:121,0
DA:122,0
DA:126,0
DA:127,0
DA:129,1
DA:140,2
DA:156,2
DA:158,1
DA:167,2
DA:169,1
DA:178,1
DA:179,3
DA:181,1
DA:183,1
DA:184,1
DA:185,2
DA:186,1
DA:187,2
DA:188,2
DA:190,2
DA:191,2
DA:192,2
DA:193,2
DA:195,2
DA:196,1
DA:198,1
DA:199,2
DA:200,2
DA:201,2
DA:204,2
DA:205,2
DA:207,1
DA:209,2
DA:210,2
DA:211,1
DA:212,1
DA:215,1
DA:217,1
DA:218,1
DA:221,1
DA:222,2
DA:225,1
DA:228,2
DA:230,1
DA:231,1
DA:232,3
DA:234,2
DA:235,2
DA:243,1
DA:244,1
DA:245,2
DA:246,2
DA:248,2
DA:249,2
DA:252,1
DA:260,1
DA:261,1
DA:262,2
DA:263,2
DA:264,2
DA:265,1
DA:271,1
DA:272,1
DA:273,2
DA:274,2
DA:275,1
DA:276,1
DA:285,1
DA:286,2
DA:287,1
DA:288,1
DA:290,2
DA:291,2
LF:103
LH:78
end_of_record
